[2025-05-21 15:35:27] 開始呼叫函式：clockin_104
[2025-05-21 15:35:27] 開始執行104打卡流程...
[2025-05-21 15:35:28] 打卡頁面導向中...
[2025-05-21 15:35:38] 嘗試第 1 次打卡...
[2025-05-21 15:35:38] 已發出打卡請求，等待回應...
[2025-05-21 15:35:38] 打卡成功！(ID: 575141522815368)
[2025-05-21 15:35:38] 開始呼叫函式：send_telegram_message
[2025-05-21 15:35:39] 發送 Telegram 訊息失敗: 404 Client Error: Not Found for url: https://api.telegram.org/botNone/sendMessage
[2025-05-21 15:35:39] 函式結束執行：send_telegram_message
[2025-05-21 15:35:39] 開始呼叫函式：write_log
[2025-05-21 15:35:39] 打卡成功！(ID: 575141522815368)
[2025-05-21 15:35:39] 函式結束執行：write_log
[2025-05-21 15:35:39] 打卡成功後等待5秒...
[2025-05-21 15:35:44] 函式結束執行：clockin_104
[2025-05-21 16:04:49] 開始呼叫函式：clockin_104
[2025-05-21 16:04:49] 開始執行104打卡流程...
[2025-05-21 16:04:52] 打卡頁面導向中...
[2025-05-21 16:05:02] 嘗試第 1 次打卡...
[2025-05-21 16:05:56] 已發出打卡請求，等待回應...
[2025-05-21 16:05:56] 打卡成功！(ID: 914502200823538)
[2025-05-21 16:05:56] 開始呼叫函式：send_telegram_message
[2025-05-21 16:05:57] 發送 Telegram 訊息失敗: 404 Client Error: Not Found for url: https://api.telegram.org/botNone/sendMessage
[2025-05-21 16:05:57] 函式結束執行：send_telegram_message
[2025-05-21 16:05:57] 開始呼叫函式：write_log
[2025-05-21 16:05:57] 打卡成功！(ID: 914502200823538)
[2025-05-21 16:05:57] 函式結束執行：write_log
[2025-05-21 16:05:57] 打卡成功後等待5秒...
[2025-05-21 16:06:02] 函式結束執行：clockin_104
[2025-05-21 16:14:18] 開始呼叫函式：clockin_104
[2025-05-21 16:14:18] 開始執行104打卡流程...
[2025-05-21 16:14:19] 打卡頁面導向中...
[2025-05-21 16:14:28] 嘗試第 1 次打卡...
[2025-05-21 16:14:29] 已發出打卡請求，等待回應...
[2025-05-21 16:14:29] 打卡成功！(ID: 927246627158511)
[2025-05-21 16:14:29] 開始呼叫函式：send_telegram_message
[2025-05-21 16:14:30] 成功發送 Telegram 訊息
[2025-05-21 16:14:30] 函式結束執行：send_telegram_message
[2025-05-21 16:14:30] 開始呼叫函式：write_log
[2025-05-21 16:14:30] 打卡成功！(ID: 927246627158511)
[2025-05-21 16:14:30] 函式結束執行：write_log
[2025-05-21 16:14:30] 打卡成功後等待5秒...
[2025-05-21 16:14:35] 函式結束執行：clockin_104
